2023/03/14 13:56:54.994 INFO [PluginManager] [main] Plugin directories env: /opt/homebrew/Cellar/pinot/0.12.1/libexec/plugins, parsed directories to load: '[/opt/homebrew/Cellar/pinot/0.12.1/libexec/plugins]'
2023/03/14 13:56:55.002 INFO [PluginManager] [main] Please use env variable 'plugins.include' to customize plugins to load. Loading all plugins: [/opt/homebrew/Cellar/pinot/0.12.1/libexec/plugins/pinot-segment-writer/pinot-segment-writer-file-based/pinot-segment-writer-file-based-0.12.1.jar, /opt/homebrew/Cellar/pinot/0.12.1/libexec/plugins/pinot-environment/pinot-azure/pinot-azure-0.12.1-shaded.jar, /opt/homebrew/Cellar/pinot/0.12.1/libexec/plugins/pinot-minion-tasks/pinot-minion-builtin-tasks/pinot-minion-builtin-tasks-0.12.1.jar, /opt/homebrew/Cellar/pinot/0.12.1/libexec/plugins/pinot-file-system/pinot-gcs/pinot-gcs-0.12.1-shaded.jar, /opt/homebrew/Cellar/pinot/0.12.1/libexec/plugins/pinot-file-system/pinot-adls/pinot-adls-0.12.1-shaded.jar, /opt/homebrew/Cellar/pinot/0.12.1/libexec/plugins/pinot-file-system/pinot-s3/pinot-s3-0.12.1-shaded.jar, /opt/homebrew/Cellar/pinot/0.12.1/libexec/plugins/pinot-file-system/pinot-hdfs/pinot-hdfs-0.12.1-shaded.jar, /opt/homebrew/Cellar/pinot/0.12.1/libexec/plugins/pinot-batch-ingestion/pinot-batch-ingestion-standalone/pinot-batch-ingestion-standalone-0.12.1-shaded.jar, /opt/homebrew/Cellar/pinot/0.12.1/libexec/plugins/pinot-input-format/pinot-protobuf/pinot-protobuf-0.12.1-shaded.jar, /opt/homebrew/Cellar/pinot/0.12.1/libexec/plugins/pinot-input-format/pinot-orc/pinot-orc-0.12.1-shaded.jar, /opt/homebrew/Cellar/pinot/0.12.1/libexec/plugins/pinot-input-format/pinot-csv/pinot-csv-0.12.1-shaded.jar, /opt/homebrew/Cellar/pinot/0.12.1/libexec/plugins/pinot-input-format/pinot-confluent-avro/pinot-confluent-avro-0.12.1-shaded.jar, /opt/homebrew/Cellar/pinot/0.12.1/libexec/plugins/pinot-input-format/pinot-parquet/pinot-parquet-0.12.1-shaded.jar, /opt/homebrew/Cellar/pinot/0.12.1/libexec/plugins/pinot-input-format/pinot-avro/pinot-avro-0.12.1-shaded.jar, /opt/homebrew/Cellar/pinot/0.12.1/libexec/plugins/pinot-input-format/pinot-json/pinot-json-0.12.1-shaded.jar, /opt/homebrew/Cellar/pinot/0.12.1/libexec/plugins/pinot-input-format/pinot-thrift/pinot-thrift-0.12.1-shaded.jar, /opt/homebrew/Cellar/pinot/0.12.1/libexec/plugins/pinot-segment-uploader/pinot-segment-uploader-default/pinot-segment-uploader-default-0.12.1.jar, /opt/homebrew/Cellar/pinot/0.12.1/libexec/plugins/pinot-stream-ingestion/pinot-kafka-2.0/pinot-kafka-2.0-0.12.1-shaded.jar, /opt/homebrew/Cellar/pinot/0.12.1/libexec/plugins/pinot-stream-ingestion/pinot-kinesis/pinot-kinesis-0.12.1-shaded.jar, /opt/homebrew/Cellar/pinot/0.12.1/libexec/plugins/pinot-metrics/pinot-dropwizard/pinot-dropwizard-0.12.1-shaded.jar, /opt/homebrew/Cellar/pinot/0.12.1/libexec/plugins/pinot-metrics/pinot-yammer/pinot-yammer-0.12.1-shaded.jar]
2023/03/14 13:56:55.003 INFO [PluginManager] [main] Found plugin, pluginDir: /opt/homebrew/Cellar/pinot/0.12.1/libexec/plugins/pinot-segment-writer/pinot-segment-writer-file-based, pluginName: pinot-segment-writer-file-based
2023/03/14 13:56:55.003 INFO [PluginManager] [main] Added [pinot-segment-writer-file-based] from dir [/opt/homebrew/Cellar/pinot/0.12.1/libexec/plugins/pinot-segment-writer/pinot-segment-writer-file-based] to final list of plugins to load
2023/03/14 13:56:55.003 INFO [PluginManager] [main] Found plugin, pluginDir: /opt/homebrew/Cellar/pinot/0.12.1/libexec/plugins/pinot-environment/pinot-azure, pluginName: pinot-azure
2023/03/14 13:56:55.003 INFO [PluginManager] [main] Added [pinot-azure] from dir [/opt/homebrew/Cellar/pinot/0.12.1/libexec/plugins/pinot-environment/pinot-azure] to final list of plugins to load
2023/03/14 13:56:55.003 INFO [PluginManager] [main] Found plugin, pluginDir: /opt/homebrew/Cellar/pinot/0.12.1/libexec/plugins/pinot-minion-tasks/pinot-minion-builtin-tasks, pluginName: pinot-minion-builtin-tasks
2023/03/14 13:56:55.003 INFO [PluginManager] [main] Added [pinot-minion-builtin-tasks] from dir [/opt/homebrew/Cellar/pinot/0.12.1/libexec/plugins/pinot-minion-tasks/pinot-minion-builtin-tasks] to final list of plugins to load
2023/03/14 13:56:55.003 INFO [PluginManager] [main] Found plugin, pluginDir: /opt/homebrew/Cellar/pinot/0.12.1/libexec/plugins/pinot-file-system/pinot-gcs, pluginName: pinot-gcs
2023/03/14 13:56:55.003 INFO [PluginManager] [main] Added [pinot-gcs] from dir [/opt/homebrew/Cellar/pinot/0.12.1/libexec/plugins/pinot-file-system/pinot-gcs] to final list of plugins to load
2023/03/14 13:56:55.003 INFO [PluginManager] [main] Found plugin, pluginDir: /opt/homebrew/Cellar/pinot/0.12.1/libexec/plugins/pinot-file-system/pinot-adls, pluginName: pinot-adls
2023/03/14 13:56:55.003 INFO [PluginManager] [main] Added [pinot-adls] from dir [/opt/homebrew/Cellar/pinot/0.12.1/libexec/plugins/pinot-file-system/pinot-adls] to final list of plugins to load
2023/03/14 13:56:55.003 INFO [PluginManager] [main] Found plugin, pluginDir: /opt/homebrew/Cellar/pinot/0.12.1/libexec/plugins/pinot-file-system/pinot-s3, pluginName: pinot-s3
2023/03/14 13:56:55.003 INFO [PluginManager] [main] Added [pinot-s3] from dir [/opt/homebrew/Cellar/pinot/0.12.1/libexec/plugins/pinot-file-system/pinot-s3] to final list of plugins to load
2023/03/14 13:56:55.003 INFO [PluginManager] [main] Found plugin, pluginDir: /opt/homebrew/Cellar/pinot/0.12.1/libexec/plugins/pinot-file-system/pinot-hdfs, pluginName: pinot-hdfs
2023/03/14 13:56:55.003 INFO [PluginManager] [main] Added [pinot-hdfs] from dir [/opt/homebrew/Cellar/pinot/0.12.1/libexec/plugins/pinot-file-system/pinot-hdfs] to final list of plugins to load
2023/03/14 13:56:55.003 INFO [PluginManager] [main] Found plugin, pluginDir: /opt/homebrew/Cellar/pinot/0.12.1/libexec/plugins/pinot-batch-ingestion/pinot-batch-ingestion-standalone, pluginName: pinot-batch-ingestion-standalone
2023/03/14 13:56:55.003 INFO [PluginManager] [main] Added [pinot-batch-ingestion-standalone] from dir [/opt/homebrew/Cellar/pinot/0.12.1/libexec/plugins/pinot-batch-ingestion/pinot-batch-ingestion-standalone] to final list of plugins to load
2023/03/14 13:56:55.003 INFO [PluginManager] [main] Found plugin, pluginDir: /opt/homebrew/Cellar/pinot/0.12.1/libexec/plugins/pinot-input-format/pinot-protobuf, pluginName: pinot-protobuf
2023/03/14 13:56:55.004 INFO [PluginManager] [main] Added [pinot-protobuf] from dir [/opt/homebrew/Cellar/pinot/0.12.1/libexec/plugins/pinot-input-format/pinot-protobuf] to final list of plugins to load
2023/03/14 13:56:55.004 INFO [PluginManager] [main] Found plugin, pluginDir: /opt/homebrew/Cellar/pinot/0.12.1/libexec/plugins/pinot-input-format/pinot-orc, pluginName: pinot-orc
2023/03/14 13:56:55.004 INFO [PluginManager] [main] Added [pinot-orc] from dir [/opt/homebrew/Cellar/pinot/0.12.1/libexec/plugins/pinot-input-format/pinot-orc] to final list of plugins to load
2023/03/14 13:56:55.004 INFO [PluginManager] [main] Found plugin, pluginDir: /opt/homebrew/Cellar/pinot/0.12.1/libexec/plugins/pinot-input-format/pinot-csv, pluginName: pinot-csv
2023/03/14 13:56:55.004 INFO [PluginManager] [main] Added [pinot-csv] from dir [/opt/homebrew/Cellar/pinot/0.12.1/libexec/plugins/pinot-input-format/pinot-csv] to final list of plugins to load
2023/03/14 13:56:55.004 INFO [PluginManager] [main] Found plugin, pluginDir: /opt/homebrew/Cellar/pinot/0.12.1/libexec/plugins/pinot-input-format/pinot-confluent-avro, pluginName: pinot-confluent-avro
2023/03/14 13:56:55.004 INFO [PluginManager] [main] Added [pinot-confluent-avro] from dir [/opt/homebrew/Cellar/pinot/0.12.1/libexec/plugins/pinot-input-format/pinot-confluent-avro] to final list of plugins to load
2023/03/14 13:56:55.004 INFO [PluginManager] [main] Found plugin, pluginDir: /opt/homebrew/Cellar/pinot/0.12.1/libexec/plugins/pinot-input-format/pinot-parquet, pluginName: pinot-parquet
2023/03/14 13:56:55.004 INFO [PluginManager] [main] Added [pinot-parquet] from dir [/opt/homebrew/Cellar/pinot/0.12.1/libexec/plugins/pinot-input-format/pinot-parquet] to final list of plugins to load
2023/03/14 13:56:55.004 INFO [PluginManager] [main] Found plugin, pluginDir: /opt/homebrew/Cellar/pinot/0.12.1/libexec/plugins/pinot-input-format/pinot-avro, pluginName: pinot-avro
2023/03/14 13:56:55.004 INFO [PluginManager] [main] Added [pinot-avro] from dir [/opt/homebrew/Cellar/pinot/0.12.1/libexec/plugins/pinot-input-format/pinot-avro] to final list of plugins to load
2023/03/14 13:56:55.004 INFO [PluginManager] [main] Found plugin, pluginDir: /opt/homebrew/Cellar/pinot/0.12.1/libexec/plugins/pinot-input-format/pinot-json, pluginName: pinot-json
2023/03/14 13:56:55.004 INFO [PluginManager] [main] Added [pinot-json] from dir [/opt/homebrew/Cellar/pinot/0.12.1/libexec/plugins/pinot-input-format/pinot-json] to final list of plugins to load
2023/03/14 13:56:55.004 INFO [PluginManager] [main] Found plugin, pluginDir: /opt/homebrew/Cellar/pinot/0.12.1/libexec/plugins/pinot-input-format/pinot-thrift, pluginName: pinot-thrift
2023/03/14 13:56:55.004 INFO [PluginManager] [main] Added [pinot-thrift] from dir [/opt/homebrew/Cellar/pinot/0.12.1/libexec/plugins/pinot-input-format/pinot-thrift] to final list of plugins to load
2023/03/14 13:56:55.004 INFO [PluginManager] [main] Found plugin, pluginDir: /opt/homebrew/Cellar/pinot/0.12.1/libexec/plugins/pinot-segment-uploader/pinot-segment-uploader-default, pluginName: pinot-segment-uploader-default
2023/03/14 13:56:55.004 INFO [PluginManager] [main] Added [pinot-segment-uploader-default] from dir [/opt/homebrew/Cellar/pinot/0.12.1/libexec/plugins/pinot-segment-uploader/pinot-segment-uploader-default] to final list of plugins to load
2023/03/14 13:56:55.004 INFO [PluginManager] [main] Found plugin, pluginDir: /opt/homebrew/Cellar/pinot/0.12.1/libexec/plugins/pinot-stream-ingestion/pinot-kafka-2.0, pluginName: pinot-kafka-2.0
2023/03/14 13:56:55.004 INFO [PluginManager] [main] Added [pinot-kafka-2.0] from dir [/opt/homebrew/Cellar/pinot/0.12.1/libexec/plugins/pinot-stream-ingestion/pinot-kafka-2.0] to final list of plugins to load
2023/03/14 13:56:55.004 INFO [PluginManager] [main] Found plugin, pluginDir: /opt/homebrew/Cellar/pinot/0.12.1/libexec/plugins/pinot-stream-ingestion/pinot-kinesis, pluginName: pinot-kinesis
2023/03/14 13:56:55.005 INFO [PluginManager] [main] Added [pinot-kinesis] from dir [/opt/homebrew/Cellar/pinot/0.12.1/libexec/plugins/pinot-stream-ingestion/pinot-kinesis] to final list of plugins to load
2023/03/14 13:56:55.005 INFO [PluginManager] [main] Found plugin, pluginDir: /opt/homebrew/Cellar/pinot/0.12.1/libexec/plugins/pinot-metrics/pinot-dropwizard, pluginName: pinot-dropwizard
2023/03/14 13:56:55.005 INFO [PluginManager] [main] Added [pinot-dropwizard] from dir [/opt/homebrew/Cellar/pinot/0.12.1/libexec/plugins/pinot-metrics/pinot-dropwizard] to final list of plugins to load
2023/03/14 13:56:55.005 INFO [PluginManager] [main] Found plugin, pluginDir: /opt/homebrew/Cellar/pinot/0.12.1/libexec/plugins/pinot-metrics/pinot-yammer, pluginName: pinot-yammer
2023/03/14 13:56:55.005 INFO [PluginManager] [main] Added [pinot-yammer] from dir [/opt/homebrew/Cellar/pinot/0.12.1/libexec/plugins/pinot-metrics/pinot-yammer] to final list of plugins to load
2023/03/14 13:56:55.005 INFO [PluginManager] [main] #getPluginsToLoad has produced 21 plugins to load
2023/03/14 13:56:55.005 INFO [PluginManager] [main] Trying to load plugin [pinot-protobuf] from location [/opt/homebrew/Cellar/pinot/0.12.1/libexec/plugins/pinot-input-format/pinot-protobuf]
2023/03/14 13:56:55.005 INFO [PluginManager] [main] Successfully loaded plugin [pinot-protobuf] from jar files: [file:/opt/homebrew/Cellar/pinot/0.12.1/libexec/plugins/pinot-input-format/pinot-protobuf/pinot-protobuf-0.12.1-shaded.jar]
2023/03/14 13:56:55.005 INFO [PluginManager] [main] Successfully Loaded plugin [pinot-protobuf] from dir [/opt/homebrew/Cellar/pinot/0.12.1/libexec/plugins/pinot-input-format/pinot-protobuf]
2023/03/14 13:56:55.005 INFO [PluginManager] [main] Trying to load plugin [pinot-kafka-2.0] from location [/opt/homebrew/Cellar/pinot/0.12.1/libexec/plugins/pinot-stream-ingestion/pinot-kafka-2.0]
2023/03/14 13:56:55.005 INFO [PluginManager] [main] Successfully loaded plugin [pinot-kafka-2.0] from jar files: [file:/opt/homebrew/Cellar/pinot/0.12.1/libexec/plugins/pinot-stream-ingestion/pinot-kafka-2.0/pinot-kafka-2.0-0.12.1-shaded.jar]
2023/03/14 13:56:55.005 INFO [PluginManager] [main] Successfully Loaded plugin [pinot-kafka-2.0] from dir [/opt/homebrew/Cellar/pinot/0.12.1/libexec/plugins/pinot-stream-ingestion/pinot-kafka-2.0]
2023/03/14 13:56:55.005 INFO [PluginManager] [main] Trying to load plugin [pinot-avro] from location [/opt/homebrew/Cellar/pinot/0.12.1/libexec/plugins/pinot-input-format/pinot-avro]
2023/03/14 13:56:55.006 INFO [PluginManager] [main] Successfully loaded plugin [pinot-avro] from jar files: [file:/opt/homebrew/Cellar/pinot/0.12.1/libexec/plugins/pinot-input-format/pinot-avro/pinot-avro-0.12.1-shaded.jar]
2023/03/14 13:56:55.006 INFO [PluginManager] [main] Successfully Loaded plugin [pinot-avro] from dir [/opt/homebrew/Cellar/pinot/0.12.1/libexec/plugins/pinot-input-format/pinot-avro]
2023/03/14 13:56:55.006 INFO [PluginManager] [main] Trying to load plugin [pinot-csv] from location [/opt/homebrew/Cellar/pinot/0.12.1/libexec/plugins/pinot-input-format/pinot-csv]
2023/03/14 13:56:55.006 INFO [PluginManager] [main] Successfully loaded plugin [pinot-csv] from jar files: [file:/opt/homebrew/Cellar/pinot/0.12.1/libexec/plugins/pinot-input-format/pinot-csv/pinot-csv-0.12.1-shaded.jar]
2023/03/14 13:56:55.006 INFO [PluginManager] [main] Successfully Loaded plugin [pinot-csv] from dir [/opt/homebrew/Cellar/pinot/0.12.1/libexec/plugins/pinot-input-format/pinot-csv]
2023/03/14 13:56:55.006 INFO [PluginManager] [main] Trying to load plugin [pinot-s3] from location [/opt/homebrew/Cellar/pinot/0.12.1/libexec/plugins/pinot-file-system/pinot-s3]
2023/03/14 13:56:55.006 INFO [PluginManager] [main] Successfully loaded plugin [pinot-s3] from jar files: [file:/opt/homebrew/Cellar/pinot/0.12.1/libexec/plugins/pinot-file-system/pinot-s3/pinot-s3-0.12.1-shaded.jar]
2023/03/14 13:56:55.006 INFO [PluginManager] [main] Successfully Loaded plugin [pinot-s3] from dir [/opt/homebrew/Cellar/pinot/0.12.1/libexec/plugins/pinot-file-system/pinot-s3]
2023/03/14 13:56:55.006 INFO [PluginManager] [main] Trying to load plugin [pinot-segment-uploader-default] from location [/opt/homebrew/Cellar/pinot/0.12.1/libexec/plugins/pinot-segment-uploader/pinot-segment-uploader-default]
2023/03/14 13:56:55.006 INFO [PluginManager] [main] Successfully loaded plugin [pinot-segment-uploader-default] from jar files: [file:/opt/homebrew/Cellar/pinot/0.12.1/libexec/plugins/pinot-segment-uploader/pinot-segment-uploader-default/pinot-segment-uploader-default-0.12.1.jar]
2023/03/14 13:56:55.006 INFO [PluginManager] [main] Successfully Loaded plugin [pinot-segment-uploader-default] from dir [/opt/homebrew/Cellar/pinot/0.12.1/libexec/plugins/pinot-segment-uploader/pinot-segment-uploader-default]
2023/03/14 13:56:55.006 INFO [PluginManager] [main] Trying to load plugin [pinot-yammer] from location [/opt/homebrew/Cellar/pinot/0.12.1/libexec/plugins/pinot-metrics/pinot-yammer]
2023/03/14 13:56:55.007 INFO [PluginManager] [main] Successfully loaded plugin [pinot-yammer] from jar files: [file:/opt/homebrew/Cellar/pinot/0.12.1/libexec/plugins/pinot-metrics/pinot-yammer/pinot-yammer-0.12.1-shaded.jar]
2023/03/14 13:56:55.007 INFO [PluginManager] [main] Successfully Loaded plugin [pinot-yammer] from dir [/opt/homebrew/Cellar/pinot/0.12.1/libexec/plugins/pinot-metrics/pinot-yammer]
2023/03/14 13:56:55.007 INFO [PluginManager] [main] Trying to load plugin [pinot-batch-ingestion-standalone] from location [/opt/homebrew/Cellar/pinot/0.12.1/libexec/plugins/pinot-batch-ingestion/pinot-batch-ingestion-standalone]
2023/03/14 13:56:55.007 INFO [PluginManager] [main] Successfully loaded plugin [pinot-batch-ingestion-standalone] from jar files: [file:/opt/homebrew/Cellar/pinot/0.12.1/libexec/plugins/pinot-batch-ingestion/pinot-batch-ingestion-standalone/pinot-batch-ingestion-standalone-0.12.1-shaded.jar]
2023/03/14 13:56:55.007 INFO [PluginManager] [main] Successfully Loaded plugin [pinot-batch-ingestion-standalone] from dir [/opt/homebrew/Cellar/pinot/0.12.1/libexec/plugins/pinot-batch-ingestion/pinot-batch-ingestion-standalone2023/03/14 13:57:14.398 INFO [PluginManager] [main] Plugin directories env: /opt/homebrew/Cellar/pinot/0.12.1/libexec/plugins, parsed directories to load: '[/opt/homebrew/Cellar/pinot/0.12.1/libexec/plugins]'
2023/03/14 13:57:14.406 INFO [PluginManager] [main] Please use env variable 'plugins.include' to customize plugins to load. Loading all plugins: [/opt/homebrew/Cellar/pinot/0.12.1/libexec/plugins/pinot-segment-writer/pinot-segment-writer-file-based/pinot-segment-writer-file-based-0.12.1.jar, /opt/homebrew/Cellar/pinot/0.12.1/libexec/plugins/pinot-environment/pinot-azure/pinot-azure-0.12.1-shaded.jar, /opt/homebrew/Cellar/pinot/0.12.1/libexec/plugins/pinot-minion-tasks/pinot-minion-builtin-tasks/pinot-minion-builtin-tasks-0.12.1.jar, /opt/homebrew/Cellar/pinot/0.12.1/libexec/plugins/pinot-file-system/pinot-gcs/pinot-gcs-0.12.1-shaded.jar, /opt/homebrew/Cellar/pinot/0.12.1/libexec/plugins/pinot-file-system/pinot-adls/pinot-adls-0.12.1-shaded.jar, /opt/homebrew/Cellar/pinot/0.12.1/libexec/plugins/pinot-file-system/pinot-s3/pinot-s3-0.12.1-shaded.jar, /opt/homebrew/Cellar/pinot/0.12.1/libexec/plugins/pinot-file-system/pinot-hdfs/pinot-hdfs-0.12.1-shaded.jar, /opt/homebrew/Cellar/pinot/0.12.1/libexec/plugins/pinot-batch-ingestion/pinot-batch-ingestion-standalone/pinot-batch-ingestion-standalone-0.12.1-shaded.jar, /opt/homebrew/Cellar/pinot/0.12.1/libexec/plugins/pinot-input-format/pinot-protobuf/pinot-protobuf-0.12.1-shaded.jar, /opt/homebrew/Cellar/pinot/0.12.1/libexec/plugins/pinot-input-format/pinot-orc/pinot-orc-0.12.1-shaded.jar, /opt/homebrew/Cellar/pinot/0.12.1/libexec/plugins/pinot-input-format/pinot-csv/pinot-csv-0.12.1-shaded.jar, /opt/homebrew/Cellar/pinot/0.12.1/libexec/plugins/pinot-input-format/pinot-confluent-avro/pinot-confluent-avro-0.12.1-shaded.jar, /opt/homebrew/Cellar/pinot/0.12.1/libexec/plugins/pinot-input-format/pinot-parquet/pinot-parquet-0.12.1-shaded.jar, /opt/homebrew/Cellar/pinot/0.12.1/libexec/plugins/pinot-input-format/pinot-avro/pinot-avro-0.12.1-shaded.jar, /opt/homebrew/Cellar/pinot/0.12.1/libexec/plugins/pinot-input-format/pinot-json/pinot-json-0.12.1-shaded.jar, /opt/homebrew/Cellar/pinot/0.12.1/libexec/plugins/pinot-input-format/pinot-thrift/pinot-thrift-0.12.1-shaded.jar, /opt/homebrew/Cellar/pinot/0.12.1/libexec/plugins/pinot-segment-uploader/pinot-segment-uploader-default/pinot-segment-uploader-default-0.12.1.jar, /opt/homebrew/Cellar/pinot/0.12.1/libexec/plugins/pinot-stream-ingestion/pinot-kafka-2.0/pinot-kafka-2.0-0.12.1-shaded.jar, /opt/homebrew/Cellar/pinot/0.12.1/libexec/plugins/pinot-stream-ingestion/pinot-kinesis/pinot-kinesis-0.12.1-shaded.jar, /opt/homebrew/Cellar/pinot/0.12.1/libexec/plugins/pinot-metrics/pinot-dropwizard/pinot-dropwizard-0.12.1-shaded.jar, /opt/homebrew/Cellar/pinot/0.12.1/libexec/plugins/pinot-metrics/pinot-yammer/pinot-yammer-0.12.1-shaded.jar]
2023/03/14 13:57:14.406 INFO [PluginManager] [main] Found plugin, pluginDir: /opt/homebrew/Cellar/pinot/0.12.1/libexec/plugins/pinot-segment-writer/pinot-segment-writer-file-based, pluginName: pinot-segment-writer-file-based
2023/03/14 13:57:14.406 INFO [PluginManager] [main] Added [pinot-segment-writer-file-based] from dir [/opt/homebrew/Cellar/pinot/0.12.1/libexec/plugins/pinot-segment-writer/pinot-segment-writer-file-based] to final list of plugins to load
2023/03/14 13:57:14.406 INFO [PluginManager] [main] Found plugin, pluginDir: /opt/homebrew/Cellar/pinot/0.12.1/libexec/plugins/pinot-environment/pinot-azure, pluginName: pinot-azure
2023/03/14 13:57:14.406 INFO [PluginManager] [main] Added [pinot-azure] from dir [/opt/homebrew/Cellar/pinot/0.12.1/libexec/plugins/pinot-environment/pinot-azure] to final list of plugins to load
2023/03/14 13:57:14.406 INFO [PluginManager] [main] Found plugin, pluginDir: /opt/homebrew/Cellar/pinot/0.12.1/libexec/plugins/pinot-minion-tasks/pinot-minion-builtin-tasks, pluginName: pinot-minion-builtin-tasks
2023/03/14 13:57:14.406 INFO [PluginManager] [main] Added [pinot-minion-builtin-tasks] from dir [/opt/homebrew/Cellar/pinot/0.12.1/libexec/plugins/pinot-minion-tasks/pinot-minion-builtin-tasks] to final list of plugins to load
2023/03/14 13:57:14.406 INFO [PluginManager] [main] Found plugin, pluginDir: /opt/homebrew/Cellar/pinot/0.12.1/libexec/plugins/pinot-file-system/pinot-gcs, pluginName: pinot-gcs
2023/03/14 13:57:14.406 INFO [PluginManager] [main] Added [pinot-gcs] from dir [/opt/homebrew/Cellar/pinot/0.12.1/libexec/plugins/pinot-file-system/pinot-gcs] to final list of plugins to load
2023/03/14 13:57:14.406 INFO [PluginManager] [main] Found plugin, pluginDir: /opt/homebrew/Cellar/pinot/0.12.1/libexec/plugins/pinot-file-system/pinot-adls, pluginName: pinot-adls
2023/03/14 13:57:14.407 INFO [PluginManager] [main] Added [pinot-adls] from dir [/opt/homebrew/Cellar/pinot/0.12.1/libexec/plugins/pinot-file-system/pinot-adls] to final list of plugins to load
2023/03/14 13:57:14.407 INFO [PluginManager] [main] Found plugin, pluginDir: /opt/homebrew/Cellar/pinot/0.12.1/libexec/plugins/pinot-file-system/pinot-s3, pluginName: pinot-s3
2023/03/14 13:57:14.407 INFO [PluginManager] [main] Added [pinot-s3] from dir [/opt/homebrew/Cellar/pinot/0.12.1/libexec/plugins/pinot-file-system/pinot-s3] to final list of plugins to load
2023/03/14 13:57:14.407 INFO [PluginManager] [main] Found plugin, pluginDir: /opt/homebrew/Cellar/pinot/0.12.1/libexec/plugins/pinot-file-system/pinot-hdfs, pluginName: pinot-hdfs
2023/03/14 13:57:14.407 INFO [PluginManager] [main] Added [pinot-hdfs] from dir [/opt/homebrew/Cellar/pinot/0.12.1/libexec/plugins/pinot-file-system/pinot-hdfs] to final list of plugins to load
2023/03/14 13:57:14.407 INFO [PluginManager] [main] Found plugin, pluginDir: /opt/homebrew/Cellar/pinot/0.12.1/libexec/plugins/pinot-batch-ingestion/pinot-batch-ingestion-standalone, pluginName: pinot-batch-ingestion-standalone
2023/03/14 13:57:14.407 INFO [PluginManager] [main] Added [pinot-batch-ingestion-standalone] from dir [/opt/homebrew/Cellar/pinot/0.12.1/libexec/plugins/pinot-batch-ingestion/pinot-batch-ingestion-standalone] to final list of plugins to load
2023/03/14 13:57:14.407 INFO [PluginManager] [main] Found plugin, pluginDir: /opt/homebrew/Cellar/pinot/0.12.1/libexec/plugins/pinot-input-format/pinot-protobuf, pluginName: pinot-protobuf
2023/03/14 13:57:14.407 INFO [PluginManager] [main] Added [pinot-protobuf] from dir [/opt/homebrew/Cellar/pinot/0.12.1/libexec/plugins/pinot-input-format/pinot-protobuf] to final list of plugins to load
2023/03/14 13:57:14.407 INFO [PluginManager] [main] Found plugin, pluginDir: /opt/homebrew/Cellar/pinot/0.12.1/libexec/plugins/pinot-input-format/pinot-orc, pluginName: pinot-orc
2023/03/14 13:57:14.407 INFO [PluginManager] [main] Added [pinot-orc] from dir [/opt/homebrew/Cellar/pinot/0.12.1/libexec/plugins/pinot-input-format/pinot-orc] to final list of plugins to load
2023/03/14 13:57:14.407 INFO [PluginManager] [main] Found plugin, pluginDir: /opt/homebrew/Cellar/pinot/0.12.1/libexec/plugins/pinot-input-format/pinot-csv, pluginName: pinot-csv
2023/03/14 13:57:14.407 INFO [PluginManager] [main] Added [pinot-csv] from dir [/opt/homebrew/Cellar/pinot/0.12.1/libexec/plugins/pinot-input-format/pinot-csv] to final list of plugins to load
2023/03/14 13:57:14.407 INFO [PluginManager] [main] Found plugin, pluginDir: /opt/homebrew/Cellar/pinot/0.12.1/libexec/plugins/pinot-input-format/pinot-confluent-avro, pluginName: pinot-confluent-avro
2023/03/14 13:57:14.407 INFO [PluginManager] [main] Added [pinot-confluent-avro] from dir [/opt/homebrew/Cellar/pinot/0.12.1/libexec/plugins/pinot-input-format/pinot-confluent-avro] to final list of plugins to load
2023/03/14 13:57:14.407 INFO [PluginManager] [main] Found plugin, pluginDir: /opt/homebrew/Cellar/pinot/0.12.1/libexec/plugins/pinot-input-format/pinot-parquet, pluginName: pinot-parquet
2023/03/14 13:57:14.407 INFO [PluginManager] [main] Added [pinot-parquet] from dir [/opt/homebrew/Cellar/pinot/0.12.1/libexec/plugins/pinot-input-format/pinot-parquet] to final list of plugins to load
2023/03/14 13:57:14.407 INFO [PluginManager] [main] Found plugin, pluginDir: /opt/homebrew/Cellar/pinot/0.12.1/libexec/plugins/pinot-input-format/pinot-avro, pluginName: pinot-avro
2023/03/14 13:57:14.407 INFO [PluginManager] [main] Added [pinot-avro] from dir [/opt/homebrew/Cellar/pinot/0.12.1/libexec/plugins/pinot-input-format/pinot-avro] to final list of plugins to load
2023/03/14 13:57:14.407 INFO [PluginManager] [main] Found plugin, pluginDir: /opt/homebrew/Cellar/pinot/0.12.1/libexec/plugins/pinot-input-format/pinot-json, pluginName: pinot-json
2023/03/14 13:57:14.407 INFO [PluginManager] [main] Added [pinot-json] from dir [/opt/homebrew/Cellar/pinot/0.12.1/libexec/plugins/pinot-input-format/pinot-json] to final list of plugins to load
2023/03/14 13:57:14.407 INFO [PluginManager] [main] Found plugin, pluginDir: /opt/homebrew/Cellar/pinot/0.12.1/libexec/plugins/pinot-input-format/pinot-thrift, pluginName: pinot-thrift
2023/03/14 13:57:14.407 INFO [PluginManager] [main] Added [pinot-thrift] from dir [/opt/homebrew/Cellar/pinot/0.12.1/libexec/plugins/pinot-input-format/pinot-thrift] to final list of plugins to load
2023/03/14 13:57:14.408 INFO [PluginManager] [main] Found plugin, pluginDir: /opt/homebrew/Cellar/pinot/0.12.1/libexec/plugins/pinot-segment-uploader/pinot-segment-uploader-default, pluginName: pinot-segment-uploader-default
2023/03/14 13:57:14.408 INFO [PluginManager] [main] Added [pinot-segment-uploader-default] from dir [/opt/homebrew/Cellar/pinot/0.12.1/libexec/plugins/pinot-segment-uploader/pinot-segment-uploader-default] to final list of plugins to load
2023/03/14 13:57:14.408 INFO [PluginManager] [main] Found plugin, pluginDir: /opt/homebrew/Cellar/pinot/0.12.1/libexec/plugins/pinot-stream-ingestion/pinot-kafka-2.0, pluginName: pinot-kafka-2.0
2023/03/14 13:57:14.408 INFO [PluginManager] [main] Added [pinot-kafka-2.0] from dir [/opt/homebrew/Cellar/pinot/0.12.1/libexec/plugins/pinot-stream-ingestion/pinot-kafka-2.0] to final list of plugins to load
2023/03/14 13:57:14.408 INFO [PluginManager] [main] Found plugin, pluginDir: /opt/homebrew/Cellar/pinot/0.12.1/libexec/plugins/pinot-stream-ingestion/pinot-kinesis, pluginName: pinot-kinesis
2023/03/14 13:57:14.408 INFO [PluginManager] [main] Added [pinot-kinesis] from dir [/opt/homebrew/Cellar/pinot/0.12.1/libexec/plugins/pinot-stream-ingestion/pinot-kinesis] to final list of plugins to load
2023/03/14 13:57:14.408 INFO [PluginManager] [main] Found plugin, pluginDir: /opt/homebrew/Cellar/pinot/0.12.1/libexec/plugins/pinot-metrics/pinot-dropwizard, pluginName: pinot-dropwizard
2023/03/14 13:57:14.408 INFO [PluginManager] [main] Added [pinot-dropwizard] from dir [/opt/homebrew/Cellar/pinot/0.12.1/libexec/plugins/pinot-metrics/pinot-dropwizard] to final list of plugins to load
2023/03/14 13:57:14.408 INFO [PluginManager] [main] Found plugin, pluginDir: /opt/homebrew/Cellar/pinot/0.12.1/libexec/plugins/pinot-metrics/pinot-yammer, pluginName: pinot-yammer
2023/03/14 13:57:14.408 INFO [PluginManager] [main] Added [pinot-yammer] from dir [/opt/homebrew/Cellar/pinot/0.12.1/libexec/plugins/pinot-metrics/pinot-yammer] to final list of plugins to load
2023/03/14 13:57:14.408 INFO [PluginManager] [main] #getPluginsToLoad has produced 21 plugins to load
2023/03/14 13:57:14.408 INFO [PluginManager] [main] Trying to load plugin [pinot-protobuf] from location [/opt/homebrew/Cellar/pinot/0.12.1/libexec/plugins/pinot-input-format/pinot-protobuf]
2023/03/14 13:57:14.408 INFO [PluginManager] [main] Successfully loaded plugin [pinot-protobuf] from jar files: [file:/opt/homebrew/Cellar/pinot/0.12.1/libexec/plugins/pinot-input-format/pinot-protobuf/pinot-protobuf-0.12.1-shaded.jar]
2023/03/14 13:57:14.408 INFO [PluginManager] [main] Successfully Loaded plugin [pinot-protobuf] from dir [/opt/homebrew/Cellar/pinot/0.12.1/libexec/plugins/pinot-input-format/pinot-protobuf]
2023/03/14 13:57:14.408 INFO [PluginManager] [main] Trying to load plugin [pinot-kafka-2.0] from location [/opt/homebrew/Cellar/pinot/0.12.1/libexec/plugins/pinot-stream-ingestion/pinot-kafka-2.0]
2023/03/14 13:57:14.408 INFO [PluginManager] [main] Successfully loaded plugin [pinot-kafka-2.0] from jar files: [file:/opt/homebrew/Cellar/pinot/0.12.1/libexec/plugins/pinot-stream-ingestion/pinot-kafka-2.0/pinot-kafka-2.0-0.12.1-shaded.jar]
2023/03/14 13:57:14.408 INFO [PluginManager] [main] Successfully Loaded plugin [pinot-kafka-2.0] from dir [/opt/homebrew/Cellar/pinot/0.12.1/libexec/plugins/pinot-stream-ingestion/pinot-kafka-2.0]
2023/03/14 13:57:14.408 INFO [PluginManager] [main] Trying to load plugin [pinot-avro] from location [/opt/homebrew/Cellar/pinot/0.12.1/libexec/plugins/pinot-input-format/pinot-avro]
2023/03/14 13:57:14.409 INFO [PluginManager] [main] Successfully loaded plugin [pinot-avro] from jar files: [file:/opt/homebrew/Cellar/pinot/0.12.1/libexec/plugins/pinot-input-format/pinot-avro/pinot-avro-0.12.1-shaded.jar]
2023/03/14 13:57:14.409 INFO [PluginManager] [main] Successfully Loaded plugin [pinot-avro] from dir [/opt/homebrew/Cellar/pinot/0.12.1/libexec/plugins/pinot-input-format/pinot-avro]
2023/03/14 13:57:14.409 INFO [PluginManager] [main] Trying to load plugin [pinot-csv] from location [/opt/homebrew/Cellar/pinot/0.12.1/libexec/plugins/pinot-input-format/pinot-csv]
2023/03/14 13:57:14.409 INFO [PluginManager] [main] Successfully loaded plugin [pinot-csv] from jar files: [file:/opt/homebrew/Cellar/pinot/0.12.1/libexec/plugins/pinot-input-format/pinot-csv/pinot-csv-0.12.1-shaded.jar]
2023/03/14 13:57:14.409 INFO [PluginManager] [main] Successfully Loaded plugin [pinot-csv] from dir [/opt/homebrew/Cellar/pinot/0.12.1/libexec/plugins/pinot-input-format/pinot-csv]
2023/03/14 13:57:14.409 INFO [PluginManager] [main] Trying to load plugin [pinot-s3] from location [/opt/homebrew/Cellar/pinot/0.12.1/libexec/plugins/pinot-file-system/pinot-s3]
2023/03/14 13:57:14.409 INFO [PluginManager] [main] Successfully loaded plugin [pinot-s3] from jar files: [file:/opt/homebrew/Cellar/pinot/0.12.1/libexec/plugins/pinot-file-system/pinot-s3/pinot-s3-0.12.1-shaded.jar]
2023/03/14 13:57:14.409 INFO [PluginManager] [main] Successfully Loaded plugin [pinot-s3] from dir [/opt/homebrew/Cellar/pinot/0.12.1/libexec/plugins/pinot-file-system/pinot-s3]
2023/03/14 13:57:14.409 INFO [PluginManager] [main] Trying to load plugin [pinot-segment-uploader-default] from location [/opt/homebrew/Cellar/pinot/0.12.1/libexec/plugins/pinot-segment-uploader/pinot-segment-uploader-default]
2023/03/14 13:57:14.409 INFO [PluginManager] [main] Successfully loaded plugin [pinot-segment-uploader-default] from jar files: [file:/opt/homebrew/Cellar/pinot/0.12.1/libexec/plugins/pinot-segment-uploader/pinot-segment-uploader-default/pinot-segment-uploader-default-0.12.1.jar]
2023/03/14 13:57:14.409 INFO [PluginManager] [main] Successfully Loaded plugin [pinot-segment-uploader-default] from dir [/opt/homebrew/Cellar/pinot/0.12.1/libexec/plugins/pinot-segment-uploader/pinot-segment-uploader-default]
2023/03/14 13:57:14.409 INFO [PluginManager] [main] Trying to load plugin [pinot-yammer] from location [/opt/homebrew/Cellar/pinot/0.12.1/libexec/plugins/pinot-metrics/pinot-yammer]
2023/03/14 13:57:14.410 INFO [PluginManager] [main] Successfully loaded plugin [pinot-yammer] from jar files: [file:/opt/homebrew/Cellar/pinot/0.12.1/libexec/plugins/pinot-metrics/pinot-yammer/pinot-yammer-0.12.1-shaded.jar]
2023/03/14 13:57:14.410 INFO [PluginManager] [main] Successfully Loaded plugin [pinot-yammer] from dir [/opt/homebrew/Cellar/pinot/0.12.1/libexec/plugins/pinot-metrics/pinot-yammer]
2023/03/14 13:57:14.410 INFO [PluginManager] [main] Trying to load plugin [pinot-batch-ingestion-standalone] from location [/opt/homebrew/Cellar/pinot/0.12.1/libexec/plugins/pinot-batch-ingestion/pinot-batch-ingestion-standalone]
2023/03/14 13:57:14.410 INFO [PluginManager] [main] Successfully loaded plugin [pinot-batch-ingestion-standalone] from jar files: [file:/opt/homebrew/Cellar/pinot/0.12.1/libexec/plugins/pinot-batch-ingestion/pinot-batch-ingestion-standalone/pinot-batch-ingestion-standalone-0.12.1-shaded.jar]
2023/03/14 13:57:14.410 INFO [PluginManager] [main] Successfully Loaded plugin [pinot-batch-ingestion-standalone] from dir [/opt/homebrew/Cellar/pinot/0.12.1/libexec/plugins/pinot-batch-ingestion/pinot-batch-ingestion-standalone2023/03/14 13:59:02.260 INFO [PluginManager] [main] Plugin directories env: /opt/homebrew/Cellar/pinot/0.12.1/libexec/plugins, parsed directories to load: '[/opt/homebrew/Cellar/pinot/0.12.1/libexec/plugins]'
2023/03/14 13:59:02.268 INFO [PluginManager] [main] Please use env variable 'plugins.include' to customize plugins to load. Loading all plugins: [/opt/homebrew/Cellar/pinot/0.12.1/libexec/plugins/pinot-segment-writer/pinot-segment-writer-file-based/pinot-segment-writer-file-based-0.12.1.jar, /opt/homebrew/Cellar/pinot/0.12.1/libexec/plugins/pinot-environment/pinot-azure/pinot-azure-0.12.1-shaded.jar, /opt/homebrew/Cellar/pinot/0.12.1/libexec/plugins/pinot-minion-tasks/pinot-minion-builtin-tasks/pinot-minion-builtin-tasks-0.12.1.jar, /opt/homebrew/Cellar/pinot/0.12.1/libexec/plugins/pinot-file-system/pinot-gcs/pinot-gcs-0.12.1-shaded.jar, /opt/homebrew/Cellar/pinot/0.12.1/libexec/plugins/pinot-file-system/pinot-adls/pinot-adls-0.12.1-shaded.jar, /opt/homebrew/Cellar/pinot/0.12.1/libexec/plugins/pinot-file-system/pinot-s3/pinot-s3-0.12.1-shaded.jar, /opt/homebrew/Cellar/pinot/0.12.1/libexec/plugins/pinot-file-system/pinot-hdfs/pinot-hdfs-0.12.1-shaded.jar, /opt/homebrew/Cellar/pinot/0.12.1/libexec/plugins/pinot-batch-ingestion/pinot-batch-ingestion-standalone/pinot-batch-ingestion-standalone-0.12.1-shaded.jar, /opt/homebrew/Cellar/pinot/0.12.1/libexec/plugins/pinot-input-format/pinot-protobuf/pinot-protobuf-0.12.1-shaded.jar, /opt/homebrew/Cellar/pinot/0.12.1/libexec/plugins/pinot-input-format/pinot-orc/pinot-orc-0.12.1-shaded.jar, /opt/homebrew/Cellar/pinot/0.12.1/libexec/plugins/pinot-input-format/pinot-csv/pinot-csv-0.12.1-shaded.jar, /opt/homebrew/Cellar/pinot/0.12.1/libexec/plugins/pinot-input-format/pinot-confluent-avro/pinot-confluent-avro-0.12.1-shaded.jar, /opt/homebrew/Cellar/pinot/0.12.1/libexec/plugins/pinot-input-format/pinot-parquet/pinot-parquet-0.12.1-shaded.jar, /opt/homebrew/Cellar/pinot/0.12.1/libexec/plugins/pinot-input-format/pinot-avro/pinot-avro-0.12.1-shaded.jar, /opt/homebrew/Cellar/pinot/0.12.1/libexec/plugins/pinot-input-format/pinot-json/pinot-json-0.12.1-shaded.jar, /opt/homebrew/Cellar/pinot/0.12.1/libexec/plugins/pinot-input-format/pinot-thrift/pinot-thrift-0.12.1-shaded.jar, /opt/homebrew/Cellar/pinot/0.12.1/libexec/plugins/pinot-segment-uploader/pinot-segment-uploader-default/pinot-segment-uploader-default-0.12.1.jar, /opt/homebrew/Cellar/pinot/0.12.1/libexec/plugins/pinot-stream-ingestion/pinot-kafka-2.0/pinot-kafka-2.0-0.12.1-shaded.jar, /opt/homebrew/Cellar/pinot/0.12.1/libexec/plugins/pinot-stream-ingestion/pinot-kinesis/pinot-kinesis-0.12.1-shaded.jar, /opt/homebrew/Cellar/pinot/0.12.1/libexec/plugins/pinot-metrics/pinot-dropwizard/pinot-dropwizard-0.12.1-shaded.jar, /opt/homebrew/Cellar/pinot/0.12.1/libexec/plugins/pinot-metrics/pinot-yammer/pinot-yammer-0.12.1-shaded.jar]
2023/03/14 13:59:02.268 INFO [PluginManager] [main] Found plugin, pluginDir: /opt/homebrew/Cellar/pinot/0.12.1/libexec/plugins/pinot-segment-writer/pinot-segment-writer-file-based, pluginName: pinot-segment-writer-file-based
2023/03/14 13:59:02.268 INFO [PluginManager] [main] Added [pinot-segment-writer-file-based] from dir [/opt/homebrew/Cellar/pinot/0.12.1/libexec/plugins/pinot-segment-writer/pinot-segment-writer-file-based] to final list of plugins to load
2023/03/14 13:59:02.268 INFO [PluginManager] [main] Found plugin, pluginDir: /opt/homebrew/Cellar/pinot/0.12.1/libexec/plugins/pinot-environment/pinot-azure, pluginName: pinot-azure
2023/03/14 13:59:02.271 INFO [PluginManager] [main] Added [pinot-azure] from dir [/opt/homebrew/Cellar/pinot/0.12.1/libexec/plugins/pinot-environment/pinot-azure] to final list of plugins to load
2023/03/14 13:59:02.271 INFO [PluginManager] [main] Found plugin, pluginDir: /opt/homebrew/Cellar/pinot/0.12.1/libexec/plugins/pinot-minion-tasks/pinot-minion-builtin-tasks, pluginName: pinot-minion-builtin-tasks
2023/03/14 13:59:02.271 INFO [PluginManager] [main] Added [pinot-minion-builtin-tasks] from dir [/opt/homebrew/Cellar/pinot/0.12.1/libexec/plugins/pinot-minion-tasks/pinot-minion-builtin-tasks] to final list of plugins to load
2023/03/14 13:59:02.271 INFO [PluginManager] [main] Found plugin, pluginDir: /opt/homebrew/Cellar/pinot/0.12.1/libexec/plugins/pinot-file-system/pinot-gcs, pluginName: pinot-gcs
2023/03/14 13:59:02.271 INFO [PluginManager] [main] Added [pinot-gcs] from dir [/opt/homebrew/Cellar/pinot/0.12.1/libexec/plugins/pinot-file-system/pinot-gcs] to final list of plugins to load
2023/03/14 13:59:02.271 INFO [PluginManager] [main] Found plugin, pluginDir: /opt/homebrew/Cellar/pinot/0.12.1/libexec/plugins/pinot-file-system/pinot-adls, pluginName: pinot-adls
2023/03/14 13:59:02.271 INFO [PluginManager] [main] Added [pinot-adls] from dir [/opt/homebrew/Cellar/pinot/0.12.1/libexec/plugins/pinot-file-system/pinot-adls] to final list of plugins to load
2023/03/14 13:59:02.271 INFO [PluginManager] [main] Found plugin, pluginDir: /opt/homebrew/Cellar/pinot/0.12.1/libexec/plugins/pinot-file-system/pinot-s3, pluginName: pinot-s3
2023/03/14 13:59:02.271 INFO [PluginManager] [main] Added [pinot-s3] from dir [/opt/homebrew/Cellar/pinot/0.12.1/libexec/plugins/pinot-file-system/pinot-s3] to final list of plugins to load
2023/03/14 13:59:02.271 INFO [PluginManager] [main] Found plugin, pluginDir: /opt/homebrew/Cellar/pinot/0.12.1/libexec/plugins/pinot-file-system/pinot-hdfs, pluginName: pinot-hdfs
2023/03/14 13:59:02.271 INFO [PluginManager] [main] Added [pinot-hdfs] from dir [/opt/homebrew/Cellar/pinot/0.12.1/libexec/plugins/pinot-file-system/pinot-hdfs] to final list of plugins to load
2023/03/14 13:59:02.271 INFO [PluginManager] [main] Found plugin, pluginDir: /opt/homebrew/Cellar/pinot/0.12.1/libexec/plugins/pinot-batch-ingestion/pinot-batch-ingestion-standalone, pluginName: pinot-batch-ingestion-standalone
2023/03/14 13:59:02.271 INFO [PluginManager] [main] Added [pinot-batch-ingestion-standalone] from dir [/opt/homebrew/Cellar/pinot/0.12.1/libexec/plugins/pinot-batch-ingestion/pinot-batch-ingestion-standalone] to final list of plugins to load
2023/03/14 13:59:02.271 INFO [PluginManager] [main] Found plugin, pluginDir: /opt/homebrew/Cellar/pinot/0.12.1/libexec/plugins/pinot-input-format/pinot-protobuf, pluginName: pinot-protobuf
2023/03/14 13:59:02.271 INFO [PluginManager] [main] Added [pinot-protobuf] from dir [/opt/homebrew/Cellar/pinot/0.12.1/libexec/plugins/pinot-input-format/pinot-protobuf] to final list of plugins to load
2023/03/14 13:59:02.271 INFO [PluginManager] [main] Found plugin, pluginDir: /opt/homebrew/Cellar/pinot/0.12.1/libexec/plugins/pinot-input-format/pinot-orc, pluginName: pinot-orc
2023/03/14 13:59:02.271 INFO [PluginManager] [main] Added [pinot-orc] from dir [/opt/homebrew/Cellar/pinot/0.12.1/libexec/plugins/pinot-input-format/pinot-orc] to final list of plugins to load
2023/03/14 13:59:02.271 INFO [PluginManager] [main] Found plugin, pluginDir: /opt/homebrew/Cellar/pinot/0.12.1/libexec/plugins/pinot-input-format/pinot-csv, pluginName: pinot-csv
2023/03/14 13:59:02.271 INFO [PluginManager] [main] Added [pinot-csv] from dir [/opt/homebrew/Cellar/pinot/0.12.1/libexec/plugins/pinot-input-format/pinot-csv] to final list of plugins to load
2023/03/14 13:59:02.271 INFO [PluginManager] [main] Found plugin, pluginDir: /opt/homebrew/Cellar/pinot/0.12.1/libexec/plugins/pinot-input-format/pinot-confluent-avro, pluginName: pinot-confluent-avro
2023/03/14 13:59:02.271 INFO [PluginManager] [main] Added [pinot-confluent-avro] from dir [/opt/homebrew/Cellar/pinot/0.12.1/libexec/plugins/pinot-input-format/pinot-confluent-avro] to final list of plugins to load
2023/03/14 13:59:02.272 INFO [PluginManager] [main] Found plugin, pluginDir: /opt/homebrew/Cellar/pinot/0.12.1/libexec/plugins/pinot-input-format/pinot-parquet, pluginName: pinot-parquet
2023/03/14 13:59:02.272 INFO [PluginManager] [main] Added [pinot-parquet] from dir [/opt/homebrew/Cellar/pinot/0.12.1/libexec/plugins/pinot-input-format/pinot-parquet] to final list of plugins to load
2023/03/14 13:59:02.272 INFO [PluginManager] [main] Found plugin, pluginDir: /opt/homebrew/Cellar/pinot/0.12.1/libexec/plugins/pinot-input-format/pinot-avro, pluginName: pinot-avro
2023/03/14 13:59:02.272 INFO [PluginManager] [main] Added [pinot-avro] from dir [/opt/homebrew/Cellar/pinot/0.12.1/libexec/plugins/pinot-input-format/pinot-avro] to final list of plugins to load
2023/03/14 13:59:02.272 INFO [PluginManager] [main] Found plugin, pluginDir: /opt/homebrew/Cellar/pinot/0.12.1/libexec/plugins/pinot-input-format/pinot-json, pluginName: pinot-json
2023/03/14 13:59:02.272 INFO [PluginManager] [main] Added [pinot-json] from dir [/opt/homebrew/Cellar/pinot/0.12.1/libexec/plugins/pinot-input-format/pinot-json] to final list of plugins to load
2023/03/14 13:59:02.272 INFO [PluginManager] [main] Found plugin, pluginDir: /opt/homebrew/Cellar/pinot/0.12.1/libexec/plugins/pinot-input-format/pinot-thrift, pluginName: pinot-thrift
2023/03/14 13:59:02.272 INFO [PluginManager] [main] Added [pinot-thrift] from dir [/opt/homebrew/Cellar/pinot/0.12.1/libexec/plugins/pinot-input-format/pinot-thrift] to final list of plugins to load
2023/03/14 13:59:02.272 INFO [PluginManager] [main] Found plugin, pluginDir: /opt/homebrew/Cellar/pinot/0.12.1/libexec/plugins/pinot-segment-uploader/pinot-segment-uploader-default, pluginName: pinot-segment-uploader-default
2023/03/14 13:59:02.272 INFO [PluginManager] [main] Added [pinot-segment-uploader-default] from dir [/opt/homebrew/Cellar/pinot/0.12.1/libexec/plugins/pinot-segment-uploader/pinot-segment-uploader-default] to final list of plugins to load
2023/03/14 13:59:02.272 INFO [PluginManager] [main] Found plugin, pluginDir: /opt/homebrew/Cellar/pinot/0.12.1/libexec/plugins/pinot-stream-ingestion/pinot-kafka-2.0, pluginName: pinot-kafka-2.0
2023/03/14 13:59:02.272 INFO [PluginManager] [main] Added [pinot-kafka-2.0] from dir [/opt/homebrew/Cellar/pinot/0.12.1/libexec/plugins/pinot-stream-ingestion/pinot-kafka-2.0] to final list of plugins to load
2023/03/14 13:59:02.272 INFO [PluginManager] [main] Found plugin, pluginDir: /opt/homebrew/Cellar/pinot/0.12.1/libexec/plugins/pinot-stream-ingestion/pinot-kinesis, pluginName: pinot-kinesis
2023/03/14 13:59:02.272 INFO [PluginManager] [main] Added [pinot-kinesis] from dir [/opt/homebrew/Cellar/pinot/0.12.1/libexec/plugins/pinot-stream-ingestion/pinot-kinesis] to final list of plugins to load
2023/03/14 13:59:02.272 INFO [PluginManager] [main] Found plugin, pluginDir: /opt/homebrew/Cellar/pinot/0.12.1/libexec/plugins/pinot-metrics/pinot-dropwizard, pluginName: pinot-dropwizard
2023/03/14 13:59:02.272 INFO [PluginManager] [main] Added [pinot-dropwizard] from dir [/opt/homebrew/Cellar/pinot/0.12.1/libexec/plugins/pinot-metrics/pinot-dropwizard] to final list of plugins to load
2023/03/14 13:59:02.272 INFO [PluginManager] [main] Found plugin, pluginDir: /opt/homebrew/Cellar/pinot/0.12.1/libexec/plugins/pinot-metrics/pinot-yammer, pluginName: pinot-yammer
2023/03/14 13:59:02.272 INFO [PluginManager] [main] Added [pinot-yammer] from dir [/opt/homebrew/Cellar/pinot/0.12.1/libexec/plugins/pinot-metrics/pinot-yammer] to final list of plugins to load
2023/03/14 13:59:02.272 INFO [PluginManager] [main] #getPluginsToLoad has produced 21 plugins to load
2023/03/14 13:59:02.273 INFO [PluginManager] [main] Trying to load plugin [pinot-protobuf] from location [/opt/homebrew/Cellar/pinot/0.12.1/libexec/plugins/pinot-input-format/pinot-protobuf]
2023/03/14 13:59:02.273 INFO [PluginManager] [main] Successfully loaded plugin [pinot-protobuf] from jar files: [file:/opt/homebrew/Cellar/pinot/0.12.1/libexec/plugins/pinot-input-format/pinot-protobuf/pinot-protobuf-0.12.1-shaded.jar]
2023/03/14 13:59:02.273 INFO [PluginManager] [main] Successfully Loaded plugin [pinot-protobuf] from dir [/opt/homebrew/Cellar/pinot/0.12.1/libexec/plugins/pinot-input-format/pinot-protobuf]
2023/03/14 13:59:02.273 INFO [PluginManager] [main] Trying to load plugin [pinot-kafka-2.0] from location [/opt/homebrew/Cellar/pinot/0.12.1/libexec/plugins/pinot-stream-ingestion/pinot-kafka-2.0]
2023/03/14 13:59:02.273 INFO [PluginManager] [main] Successfully loaded plugin [pinot-kafka-2.0] from jar files: [file:/opt/homebrew/Cellar/pinot/0.12.1/libexec/plugins/pinot-stream-ingestion/pinot-kafka-2.0/pinot-kafka-2.0-0.12.1-shaded.jar]
2023/03/14 13:59:02.273 INFO [PluginManager] [main] Successfully Loaded plugin [pinot-kafka-2.0] from dir [/opt/homebrew/Cellar/pinot/0.12.1/libexec/plugins/pinot-stream-ingestion/pinot-kafka-2.0]
2023/03/14 13:59:02.273 INFO [PluginManager] [main] Trying to load plugin [pinot-avro] from location [/opt/homebrew/Cellar/pinot/0.12.1/libexec/plugins/pinot-input-format/pinot-avro]
2023/03/14 13:59:02.273 INFO [PluginManager] [main] Successfully loaded plugin [pinot-avro] from jar files: [file:/opt/homebrew/Cellar/pinot/0.12.1/libexec/plugins/pinot-input-format/pinot-avro/pinot-avro-0.12.1-shaded.jar]
2023/03/14 13:59:02.273 INFO [PluginManager] [main] Successfully Loaded plugin [pinot-avro] from dir [/opt/homebrew/Cellar/pinot/0.12.1/libexec/plugins/pinot-input-format/pinot-avro]
2023/03/14 13:59:02.273 INFO [PluginManager] [main] Trying to load plugin [pinot-csv] from location [/opt/homebrew/Cellar/pinot/0.12.1/libexec/plugins/pinot-input-format/pinot-csv]
2023/03/14 13:59:02.274 INFO [PluginManager] [main] Successfully loaded plugin [pinot-csv] from jar files: [file:/opt/homebrew/Cellar/pinot/0.12.1/libexec/plugins/pinot-input-format/pinot-csv/pinot-csv-0.12.1-shaded.jar]
2023/03/14 13:59:02.274 INFO [PluginManager] [main] Successfully Loaded plugin [pinot-csv] from dir [/opt/homebrew/Cellar/pinot/0.12.1/libexec/plugins/pinot-input-format/pinot-csv]
2023/03/14 13:59:02.274 INFO [PluginManager] [main] Trying to load plugin [pinot-s3] from location [/opt/homebrew/Cellar/pinot/0.12.1/libexec/plugins/pinot-file-system/pinot-s3]
2023/03/14 13:59:02.274 INFO [PluginManager] [main] Successfully loaded plugin [pinot-s3] from jar files: [file:/opt/homebrew/Cellar/pinot/0.12.1/libexec/plugins/pinot-file-system/pinot-s3/pinot-s3-0.12.1-shaded.jar]
2023/03/14 13:59:02.274 INFO [PluginManager] [main] Successfully Loaded plugin [pinot-s3] from dir [/opt/homebrew/Cellar/pinot/0.12.1/libexec/plugins/pinot-file-system/pinot-s3]
2023/03/14 13:59:02.274 INFO [PluginManager] [main] Trying to load plugin [pinot-segment-uploader-default] from location [/opt/homebrew/Cellar/pinot/0.12.1/libexec/plugins/pinot-segment-uploader/pinot-segment-uploader-default]
2023/03/14 13:59:02.274 INFO [PluginManager] [main] Successfully loaded plugin [pinot-segment-uploader-default] from jar files: [file:/opt/homebrew/Cellar/pinot/0.12.1/libexec/plugins/pinot-segment-uploader/pinot-segment-uploader-default/pinot-segment-uploader-default-0.12.1.jar]
2023/03/14 13:59:02.274 INFO [PluginManager] [main] Successfully Loaded plugin [pinot-segment-uploader-default] from dir [/opt/homebrew/Cellar/pinot/0.12.1/libexec/plugins/pinot-segment-uploader/pinot-segment-uploader-default]
2023/03/14 13:59:02.274 INFO [PluginManager] [main] Trying to load plugin [pinot-yammer] from location [/opt/homebrew/Cellar/pinot/0.12.1/libexec/plugins/pinot-metrics/pinot-yammer]
2023/03/14 13:59:02.274 INFO [PluginManager] [main] Successfully loaded plugin [pinot-yammer] from jar files: [file:/opt/homebrew/Cellar/pinot/0.12.1/libexec/plugins/pinot-metrics/pinot-yammer/pinot-yammer-0.12.1-shaded.jar]
2023/03/14 13:59:02.274 INFO [PluginManager] [main] Successfully Loaded plugin [pinot-yammer] from dir [/opt/homebrew/Cellar/pinot/0.12.1/libexec/plugins/pinot-metrics/pinot-yammer]
2023/03/14 13:59:02.274 INFO [PluginManager] [main] Trying to load plugin [pinot-batch-ingestion-standalone] from location [/opt/homebrew/Cellar/pinot/0.12.1/libexec/plugins/pinot-batch-ingestion/pinot-batch-ingestion-standalone]
2023/03/14 13:59:02.275 INFO [PluginManager] [main] Successfully loaded plugin [pinot-batch-ingestion-standalone] from jar files: [file:/opt/homebrew/Cellar/pinot/0.12.1/libexec/plugins/pinot-batch-ingestion/pinot-batch-ingestion-standalone/pinot-batch-ingestion-standalone-0.12.1-shaded.jar]
2023/03/14 13:59:02.275 INFO [PluginManager] [main] Successfully Loaded plugin [pinot-batch-ingestion-standalone] from dir [/opt/homebrew/Cellar/pinot/0.12.1/libexec/plugins/pinot-batch-ingestion/pinot-batch-ingestion-standalone2023/03/14 13:59:28.476 INFO [PluginManager] [main] Plugin directories env: /opt/homebrew/Cellar/pinot/0.12.1/libexec/plugins, parsed directories to load: '[/opt/homebrew/Cellar/pinot/0.12.1/libexec/plugins]'
2023/03/14 13:59:28.482 INFO [PluginManager] [main] Please use env variable 'plugins.include' to customize plugins to load. Loading all plugins: [/opt/homebrew/Cellar/pinot/0.12.1/libexec/plugins/pinot-segment-writer/pinot-segment-writer-file-based/pinot-segment-writer-file-based-0.12.1.jar, /opt/homebrew/Cellar/pinot/0.12.1/libexec/plugins/pinot-environment/pinot-azure/pinot-azure-0.12.1-shaded.jar, /opt/homebrew/Cellar/pinot/0.12.1/libexec/plugins/pinot-minion-tasks/pinot-minion-builtin-tasks/pinot-minion-builtin-tasks-0.12.1.jar, /opt/homebrew/Cellar/pinot/0.12.1/libexec/plugins/pinot-file-system/pinot-gcs/pinot-gcs-0.12.1-shaded.jar, /opt/homebrew/Cellar/pinot/0.12.1/libexec/plugins/pinot-file-system/pinot-adls/pinot-adls-0.12.1-shaded.jar, /opt/homebrew/Cellar/pinot/0.12.1/libexec/plugins/pinot-file-system/pinot-s3/pinot-s3-0.12.1-shaded.jar, /opt/homebrew/Cellar/pinot/0.12.1/libexec/plugins/pinot-file-system/pinot-hdfs/pinot-hdfs-0.12.1-shaded.jar, /opt/homebrew/Cellar/pinot/0.12.1/libexec/plugins/pinot-batch-ingestion/pinot-batch-ingestion-standalone/pinot-batch-ingestion-standalone-0.12.1-shaded.jar, /opt/homebrew/Cellar/pinot/0.12.1/libexec/plugins/pinot-input-format/pinot-protobuf/pinot-protobuf-0.12.1-shaded.jar, /opt/homebrew/Cellar/pinot/0.12.1/libexec/plugins/pinot-input-format/pinot-orc/pinot-orc-0.12.1-shaded.jar, /opt/homebrew/Cellar/pinot/0.12.1/libexec/plugins/pinot-input-format/pinot-csv/pinot-csv-0.12.1-shaded.jar, /opt/homebrew/Cellar/pinot/0.12.1/libexec/plugins/pinot-input-format/pinot-confluent-avro/pinot-confluent-avro-0.12.1-shaded.jar, /opt/homebrew/Cellar/pinot/0.12.1/libexec/plugins/pinot-input-format/pinot-parquet/pinot-parquet-0.12.1-shaded.jar, /opt/homebrew/Cellar/pinot/0.12.1/libexec/plugins/pinot-input-format/pinot-avro/pinot-avro-0.12.1-shaded.jar, /opt/homebrew/Cellar/pinot/0.12.1/libexec/plugins/pinot-input-format/pinot-json/pinot-json-0.12.1-shaded.jar, /opt/homebrew/Cellar/pinot/0.12.1/libexec/plugins/pinot-input-format/pinot-thrift/pinot-thrift-0.12.1-shaded.jar, /opt/homebrew/Cellar/pinot/0.12.1/libexec/plugins/pinot-segment-uploader/pinot-segment-uploader-default/pinot-segment-uploader-default-0.12.1.jar, /opt/homebrew/Cellar/pinot/0.12.1/libexec/plugins/pinot-stream-ingestion/pinot-kafka-2.0/pinot-kafka-2.0-0.12.1-shaded.jar, /opt/homebrew/Cellar/pinot/0.12.1/libexec/plugins/pinot-stream-ingestion/pinot-kinesis/pinot-kinesis-0.12.1-shaded.jar, /opt/homebrew/Cellar/pinot/0.12.1/libexec/plugins/pinot-metrics/pinot-dropwizard/pinot-dropwizard-0.12.1-shaded.jar, /opt/homebrew/Cellar/pinot/0.12.1/libexec/plugins/pinot-metrics/pinot-yammer/pinot-yammer-0.12.1-shaded.jar]
2023/03/14 13:59:28.483 INFO [PluginManager] [main] Found plugin, pluginDir: /opt/homebrew/Cellar/pinot/0.12.1/libexec/plugins/pinot-segment-writer/pinot-segment-writer-file-based, pluginName: pinot-segment-writer-file-based
2023/03/14 13:59:28.483 INFO [PluginManager] [main] Added [pinot-segment-writer-file-based] from dir [/opt/homebrew/Cellar/pinot/0.12.1/libexec/plugins/pinot-segment-writer/pinot-segment-writer-file-based] to final list of plugins to load
2023/03/14 13:59:28.483 INFO [PluginManager] [main] Found plugin, pluginDir: /opt/homebrew/Cellar/pinot/0.12.1/libexec/plugins/pinot-environment/pinot-azure, pluginName: pinot-azure
2023/03/14 13:59:28.483 INFO [PluginManager] [main] Added [pinot-azure] from dir [/opt/homebrew/Cellar/pinot/0.12.1/libexec/plugins/pinot-environment/pinot-azure] to final list of plugins to load
2023/03/14 13:59:28.483 INFO [PluginManager] [main] Found plugin, pluginDir: /opt/homebrew/Cellar/pinot/0.12.1/libexec/plugins/pinot-minion-tasks/pinot-minion-builtin-tasks, pluginName: pinot-minion-builtin-tasks
2023/03/14 13:59:28.483 INFO [PluginManager] [main] Added [pinot-minion-builtin-tasks] from dir [/opt/homebrew/Cellar/pinot/0.12.1/libexec/plugins/pinot-minion-tasks/pinot-minion-builtin-tasks] to final list of plugins to load
2023/03/14 13:59:28.483 INFO [PluginManager] [main] Found plugin, pluginDir: /opt/homebrew/Cellar/pinot/0.12.1/libexec/plugins/pinot-file-system/pinot-gcs, pluginName: pinot-gcs
2023/03/14 13:59:28.483 INFO [PluginManager] [main] Added [pinot-gcs] from dir [/opt/homebrew/Cellar/pinot/0.12.1/libexec/plugins/pinot-file-system/pinot-gcs] to final list of plugins to load
2023/03/14 13:59:28.483 INFO [PluginManager] [main] Found plugin, pluginDir: /opt/homebrew/Cellar/pinot/0.12.1/libexec/plugins/pinot-file-system/pinot-adls, pluginName: pinot-adls
2023/03/14 13:59:28.483 INFO [PluginManager] [main] Added [pinot-adls] from dir [/opt/homebrew/Cellar/pinot/0.12.1/libexec/plugins/pinot-file-system/pinot-adls] to final list of plugins to load
2023/03/14 13:59:28.483 INFO [PluginManager] [main] Found plugin, pluginDir: /opt/homebrew/Cellar/pinot/0.12.1/libexec/plugins/pinot-file-system/pinot-s3, pluginName: pinot-s3
2023/03/14 13:59:28.483 INFO [PluginManager] [main] Added [pinot-s3] from dir [/opt/homebrew/Cellar/pinot/0.12.1/libexec/plugins/pinot-file-system/pinot-s3] to final list of plugins to load
2023/03/14 13:59:28.483 INFO [PluginManager] [main] Found plugin, pluginDir: /opt/homebrew/Cellar/pinot/0.12.1/libexec/plugins/pinot-file-system/pinot-hdfs, pluginName: pinot-hdfs
2023/03/14 13:59:28.483 INFO [PluginManager] [main] Added [pinot-hdfs] from dir [/opt/homebrew/Cellar/pinot/0.12.1/libexec/plugins/pinot-file-system/pinot-hdfs] to final list of plugins to load
2023/03/14 13:59:28.483 INFO [PluginManager] [main] Found plugin, pluginDir: /opt/homebrew/Cellar/pinot/0.12.1/libexec/plugins/pinot-batch-ingestion/pinot-batch-ingestion-standalone, pluginName: pinot-batch-ingestion-standalone
2023/03/14 13:59:28.483 INFO [PluginManager] [main] Added [pinot-batch-ingestion-standalone] from dir [/opt/homebrew/Cellar/pinot/0.12.1/libexec/plugins/pinot-batch-ingestion/pinot-batch-ingestion-standalone] to final list of plugins to load
2023/03/14 13:59:28.483 INFO [PluginManager] [main] Found plugin, pluginDir: /opt/homebrew/Cellar/pinot/0.12.1/libexec/plugins/pinot-input-format/pinot-protobuf, pluginName: pinot-protobuf
2023/03/14 13:59:28.483 INFO [PluginManager] [main] Added [pinot-protobuf] from dir [/opt/homebrew/Cellar/pinot/0.12.1/libexec/plugins/pinot-input-format/pinot-protobuf] to final list of plugins to load
2023/03/14 13:59:28.483 INFO [PluginManager] [main] Found plugin, pluginDir: /opt/homebrew/Cellar/pinot/0.12.1/libexec/plugins/pinot-input-format/pinot-orc, pluginName: pinot-orc
2023/03/14 13:59:28.484 INFO [PluginManager] [main] Added [pinot-orc] from dir [/opt/homebrew/Cellar/pinot/0.12.1/libexec/plugins/pinot-input-format/pinot-orc] to final list of plugins to load
2023/03/14 13:59:28.484 INFO [PluginManager] [main] Found plugin, pluginDir: /opt/homebrew/Cellar/pinot/0.12.1/libexec/plugins/pinot-input-format/pinot-csv, pluginName: pinot-csv
2023/03/14 13:59:28.484 INFO [PluginManager] [main] Added [pinot-csv] from dir [/opt/homebrew/Cellar/pinot/0.12.1/libexec/plugins/pinot-input-format/pinot-csv] to final list of plugins to load
2023/03/14 13:59:28.484 INFO [PluginManager] [main] Found plugin, pluginDir: /opt/homebrew/Cellar/pinot/0.12.1/libexec/plugins/pinot-input-format/pinot-confluent-avro, pluginName: pinot-confluent-avro
2023/03/14 13:59:28.484 INFO [PluginManager] [main] Added [pinot-confluent-avro] from dir [/opt/homebrew/Cellar/pinot/0.12.1/libexec/plugins/pinot-input-format/pinot-confluent-avro] to final list of plugins to load
2023/03/14 13:59:28.484 INFO [PluginManager] [main] Found plugin, pluginDir: /opt/homebrew/Cellar/pinot/0.12.1/libexec/plugins/pinot-input-format/pinot-parquet, pluginName: pinot-parquet
2023/03/14 13:59:28.484 INFO [PluginManager] [main] Added [pinot-parquet] from dir [/opt/homebrew/Cellar/pinot/0.12.1/libexec/plugins/pinot-input-format/pinot-parquet] to final list of plugins to load
2023/03/14 13:59:28.484 INFO [PluginManager] [main] Found plugin, pluginDir: /opt/homebrew/Cellar/pinot/0.12.1/libexec/plugins/pinot-input-format/pinot-avro, pluginName: pinot-avro
2023/03/14 13:59:28.484 INFO [PluginManager] [main] Added [pinot-avro] from dir [/opt/homebrew/Cellar/pinot/0.12.1/libexec/plugins/pinot-input-format/pinot-avro] to final list of plugins to load
2023/03/14 13:59:28.484 INFO [PluginManager] [main] Found plugin, pluginDir: /opt/homebrew/Cellar/pinot/0.12.1/libexec/plugins/pinot-input-format/pinot-json, pluginName: pinot-json
2023/03/14 13:59:28.484 INFO [PluginManager] [main] Added [pinot-json] from dir [/opt/homebrew/Cellar/pinot/0.12.1/libexec/plugins/pinot-input-format/pinot-json] to final list of plugins to load
2023/03/14 13:59:28.484 INFO [PluginManager] [main] Found plugin, pluginDir: /opt/homebrew/Cellar/pinot/0.12.1/libexec/plugins/pinot-input-format/pinot-thrift, pluginName: pinot-thrift
2023/03/14 13:59:28.484 INFO [PluginManager] [main] Added [pinot-thrift] from dir [/opt/homebrew/Cellar/pinot/0.12.1/libexec/plugins/pinot-input-format/pinot-thrift] to final list of plugins to load
2023/03/14 13:59:28.484 INFO [PluginManager] [main] Found plugin, pluginDir: /opt/homebrew/Cellar/pinot/0.12.1/libexec/plugins/pinot-segment-uploader/pinot-segment-uploader-default, pluginName: pinot-segment-uploader-default
2023/03/14 13:59:28.484 INFO [PluginManager] [main] Added [pinot-segment-uploader-default] from dir [/opt/homebrew/Cellar/pinot/0.12.1/libexec/plugins/pinot-segment-uploader/pinot-segment-uploader-default] to final list of plugins to load
2023/03/14 13:59:28.484 INFO [PluginManager] [main] Found plugin, pluginDir: /opt/homebrew/Cellar/pinot/0.12.1/libexec/plugins/pinot-stream-ingestion/pinot-kafka-2.0, pluginName: pinot-kafka-2.0
2023/03/14 13:59:28.484 INFO [PluginManager] [main] Added [pinot-kafka-2.0] from dir [/opt/homebrew/Cellar/pinot/0.12.1/libexec/plugins/pinot-stream-ingestion/pinot-kafka-2.0] to final list of plugins to load
2023/03/14 13:59:28.484 INFO [PluginManager] [main] Found plugin, pluginDir: /opt/homebrew/Cellar/pinot/0.12.1/libexec/plugins/pinot-stream-ingestion/pinot-kinesis, pluginName: pinot-kinesis
2023/03/14 13:59:28.484 INFO [PluginManager] [main] Added [pinot-kinesis] from dir [/opt/homebrew/Cellar/pinot/0.12.1/libexec/plugins/pinot-stream-ingestion/pinot-kinesis] to final list of plugins to load
2023/03/14 13:59:28.485 INFO [PluginManager] [main] Found plugin, pluginDir: /opt/homebrew/Cellar/pinot/0.12.1/libexec/plugins/pinot-metrics/pinot-dropwizard, pluginName: pinot-dropwizard
2023/03/14 13:59:28.485 INFO [PluginManager] [main] Added [pinot-dropwizard] from dir [/opt/homebrew/Cellar/pinot/0.12.1/libexec/plugins/pinot-metrics/pinot-dropwizard] to final list of plugins to load
2023/03/14 13:59:28.485 INFO [PluginManager] [main] Found plugin, pluginDir: /opt/homebrew/Cellar/pinot/0.12.1/libexec/plugins/pinot-metrics/pinot-yammer, pluginName: pinot-yammer
2023/03/14 13:59:28.485 INFO [PluginManager] [main] Added [pinot-yammer] from dir [/opt/homebrew/Cellar/pinot/0.12.1/libexec/plugins/pinot-metrics/pinot-yammer] to final list of plugins to load
2023/03/14 13:59:28.485 INFO [PluginManager] [main] #getPluginsToLoad has produced 21 plugins to load
2023/03/14 13:59:28.485 INFO [PluginManager] [main] Trying to load plugin [pinot-protobuf] from location [/opt/homebrew/Cellar/pinot/0.12.1/libexec/plugins/pinot-input-format/pinot-protobuf]
2023/03/14 13:59:28.485 INFO [PluginManager] [main] Successfully loaded plugin [pinot-protobuf] from jar files: [file:/opt/homebrew/Cellar/pinot/0.12.1/libexec/plugins/pinot-input-format/pinot-protobuf/pinot-protobuf-0.12.1-shaded.jar]
2023/03/14 13:59:28.485 INFO [PluginManager] [main] Successfully Loaded plugin [pinot-protobuf] from dir [/opt/homebrew/Cellar/pinot/0.12.1/libexec/plugins/pinot-input-format/pinot-protobuf]
2023/03/14 13:59:28.485 INFO [PluginManager] [main] Trying to load plugin [pinot-kafka-2.0] from location [/opt/homebrew/Cellar/pinot/0.12.1/libexec/plugins/pinot-stream-ingestion/pinot-kafka-2.0]
2023/03/14 13:59:28.485 INFO [PluginManager] [main] Successfully loaded plugin [pinot-kafka-2.0] from jar files: [file:/opt/homebrew/Cellar/pinot/0.12.1/libexec/plugins/pinot-stream-ingestion/pinot-kafka-2.0/pinot-kafka-2.0-0.12.1-shaded.jar]
2023/03/14 13:59:28.485 INFO [PluginManager] [main] Successfully Loaded plugin [pinot-kafka-2.0] from dir [/opt/homebrew/Cellar/pinot/0.12.1/libexec/plugins/pinot-stream-ingestion/pinot-kafka-2.0]
2023/03/14 13:59:28.485 INFO [PluginManager] [main] Trying to load plugin [pinot-avro] from location [/opt/homebrew/Cellar/pinot/0.12.1/libexec/plugins/pinot-input-format/pinot-avro]
2023/03/14 13:59:28.485 INFO [PluginManager] [main] Successfully loaded plugin [pinot-avro] from jar files: [file:/opt/homebrew/Cellar/pinot/0.12.1/libexec/plugins/pinot-input-format/pinot-avro/pinot-avro-0.12.1-shaded.jar]
2023/03/14 13:59:28.486 INFO [PluginManager] [main] Successfully Loaded plugin [pinot-avro] from dir [/opt/homebrew/Cellar/pinot/0.12.1/libexec/plugins/pinot-input-format/pinot-avro]
2023/03/14 13:59:28.486 INFO [PluginManager] [main] Trying to load plugin [pinot-csv] from location [/opt/homebrew/Cellar/pinot/0.12.1/libexec/plugins/pinot-input-format/pinot-csv]
2023/03/14 13:59:28.486 INFO [PluginManager] [main] Successfully loaded plugin [pinot-csv] from jar files: [file:/opt/homebrew/Cellar/pinot/0.12.1/libexec/plugins/pinot-input-format/pinot-csv/pinot-csv-0.12.1-shaded.jar]
2023/03/14 13:59:28.486 INFO [PluginManager] [main] Successfully Loaded plugin [pinot-csv] from dir [/opt/homebrew/Cellar/pinot/0.12.1/libexec/plugins/pinot-input-format/pinot-csv]
2023/03/14 13:59:28.486 INFO [PluginManager] [main] Trying to load plugin [pinot-s3] from location [/opt/homebrew/Cellar/pinot/0.12.1/libexec/plugins/pinot-file-system/pinot-s3]
2023/03/14 13:59:28.486 INFO [PluginManager] [main] Successfully loaded plugin [pinot-s3] from jar files: [file:/opt/homebrew/Cellar/pinot/0.12.1/libexec/plugins/pinot-file-system/pinot-s3/pinot-s3-0.12.1-shaded.jar]
2023/03/14 13:59:28.486 INFO [PluginManager] [main] Successfully Loaded plugin [pinot-s3] from dir [/opt/homebrew/Cellar/pinot/0.12.1/libexec/plugins/pinot-file-system/pinot-s3]
2023/03/14 13:59:28.486 INFO [PluginManager] [main] Trying to load plugin [pinot-segment-uploader-default] from location [/opt/homebrew/Cellar/pinot/0.12.1/libexec/plugins/pinot-segment-uploader/pinot-segment-uploader-default]
2023/03/14 13:59:28.486 INFO [PluginManager] [main] Successfully loaded plugin [pinot-segment-uploader-default] from jar files: [file:/opt/homebrew/Cellar/pinot/0.12.1/libexec/plugins/pinot-segment-uploader/pinot-segment-uploader-default/pinot-segment-uploader-default-0.12.1.jar]
2023/03/14 13:59:28.486 INFO [PluginManager] [main] Successfully Loaded plugin [pinot-segment-uploader-default] from dir [/opt/homebrew/Cellar/pinot/0.12.1/libexec/plugins/pinot-segment-uploader/pinot-segment-uploader-default]
2023/03/14 13:59:28.486 INFO [PluginManager] [main] Trying to load plugin [pinot-yammer] from location [/opt/homebrew/Cellar/pinot/0.12.1/libexec/plugins/pinot-metrics/pinot-yammer]
2023/03/14 13:59:28.487 INFO [PluginManager] [main] Successfully loaded plugin [pinot-yammer] from jar files: [file:/opt/homebrew/Cellar/pinot/0.12.1/libexec/plugins/pinot-metrics/pinot-yammer/pinot-yammer-0.12.1-shaded.jar]
2023/03/14 13:59:28.487 INFO [PluginManager] [main] Successfully Loaded plugin [pinot-yammer] from dir [/opt/homebrew/Cellar/pinot/0.12.1/libexec/plugins/pinot-metrics/pinot-yammer]
2023/03/14 13:59:28.487 INFO [PluginManager] [main] Trying to load plugin [pinot-batch-ingestion-standalone] from location [/opt/homebrew/Cellar/pinot/0.12.1/libexec/plugins/pinot-batch-ingestion/pinot-batch-ingestion-standalone]
2023/03/14 13:59:28.487 INFO [PluginManager] [main] Successfully loaded plugin [pinot-batch-ingestion-standalone] from jar files: [file:/opt/homebrew/Cellar/pinot/0.12.1/libexec/plugins/pinot-batch-ingestion/pinot-batch-ingestion-standalone/pinot-batch-ingestion-standalone-0.12.1-shaded.jar]
2023/03/14 13:59:28.487 INFO [PluginManager] [main] Successfully Loaded plugin [pinot-batch-ingestion-standalone] from dir [/opt/homebrew/Cellar/pinot/0.12.1/libexec/plugins/pinot-batch-ingestion/pinot-batch-ingestion-standalone